<?xml version="1.0" encoding="UTF-8"?>
<testsuite name="com.example.vertx.starter.json.JsonObjectExample" tests="1" skipped="0" failures="0" errors="0" timestamp="2022-12-23T15:38:45" hostname="HOLBMAC2123" time="0.115">
  <properties/>
  <testcase name="canMapJavaObjects()" classname="com.example.vertx.starter.json.JsonObjectExample" time="0.115"/>
  <system-out><![CDATA[]]></system-out>
  <system-err><![CDATA[]]></system-err>
</testsuite>
